\BOOKMARK [0][-]{section*.1}{\376\377\000D\000a\000n\000h\000\040\000m\036\345\000c\000\040\000h\000\354\000n\000h\000\040\036\243\000n\000h}{}% 1
\BOOKMARK [0][-]{chapter.1}{\376\377\000G\000i\036\333\000i\000\040\000t\000h\000i\036\307\000u}{}% 2
\BOOKMARK [1][-]{section.1.1}{\376\377\000G\000i\036\333\000i\000\040\000t\000h\000i\036\307\000u\000\040\001\021\036\301\000\040\000t\000\340\000i}{chapter.1}% 3
\BOOKMARK [1][-]{section.1.2}{\376\377\000P\000h\000\341\000t\000\040\000b\000i\036\303\000u\000\040\000b\000\340\000i\000\040\000t\000o\000\341\000n}{chapter.1}% 4
\BOOKMARK [1][-]{section.1.3}{\376\377\000C\000\341\000c\000\040\000n\000g\000h\000i\000\352\000n\000\040\000c\036\351\000u\000\040\000l\000i\000\352\000n\000\040\000q\000u\000a\000n}{chapter.1}% 5
\BOOKMARK [1][-]{section.1.4}{\376\377\000M\036\345\000c\000\040\000t\000i\000\352\000u\000\040\000v\000\340\000\040\000p\000h\036\241\000m\000\040\000v\000i\000\040\000d\036\361\000\040\000\341\000n}{chapter.1}% 6
\BOOKMARK [2][-]{subsection.1.4.1}{\376\377\000M\036\345\000c\000\040\000t\000i\000\352\000u\000\040\000d\036\361\000\040\000\341\000n}{section.1.4}% 7
\BOOKMARK [2][-]{subsection.1.4.2}{\376\377\000P\000h\036\241\000m\000\040\000v\000i\000\040\000t\000h\036\361\000c\000\040\000h\000i\036\307\000n}{section.1.4}% 8
\BOOKMARK [1][-]{section.1.5}{\376\377\000P\000h\001\260\001\241\000n\000g\000\040\000p\000h\000\341\000p\000\040\000t\000h\036\361\000c\000\040\000h\000i\036\307\000n}{chapter.1}% 9
\BOOKMARK [2][-]{subsection.1.5.1}{\376\377\000P\000h\001\260\001\241\000n\000g\000\040\000p\000h\000\341\000p\000\040\000n\000g\000h\000i\000\352\000n\000\040\000c\036\351\000u\000\040\000l\000\375\000\040\000t\000h\000u\000y\036\277\000t}{section.1.5}% 10
\BOOKMARK [2][-]{subsection.1.5.2}{\376\377\000P\000h\001\260\001\241\000n\000g\000\040\000p\000h\000\341\000p\000\040\000t\000r\000i\036\303\000n\000\040\000k\000h\000a\000i}{section.1.5}% 11
\BOOKMARK [2][-]{subsection.1.5.3}{\376\377\000P\000h\001\260\001\241\000n\000g\000\040\000p\000h\000\341\000p\000\040\000t\000h\036\361\000c\000\040\000n\000g\000h\000i\036\307\000m\000\040\000v\000\340\000\040\001\021\000\341\000n\000h\000\040\000g\000i\000\341}{section.1.5}% 12
\BOOKMARK [0][-]{chapter.2}{\376\377\000C\001\241\000\040\000s\036\337\000\040\000l\000\375\000\040\000t\000h\000u\000y\036\277\000t}{}% 13
\BOOKMARK [1][-]{section.2.1}{\376\377\000B\000\340\000i\000\040\000t\000o\000\341\000n\000\040\000g\000i\000\341\000m\000\040\000s\000\341\000t\000\040\000g\000i\000a\000o\000\040\000t\000h\000\364\000n\000g}{chapter.2}% 14
\BOOKMARK [2][-]{subsection.2.1.1}{\376\377\000T\036\325\000n\000g\000\040\000q\000u\000a\000n\000\040\000v\036\301\000\040\000g\000i\000\341\000m\000\040\000s\000\341\000t\000\040\000g\000i\000a\000o\000\040\000t\000h\000\364\000n\000g}{section.2.1}% 15
\BOOKMARK [2][-]{subsection.2.1.2}{\376\377\000G\000i\000\341\000m\000\040\000s\000\341\000t\000\040\000g\000i\000a\000o\000\040\000t\000h\000\364\000n\000g\000\040\000v\036\333\000i\000\040\000h\036\307\000\040\000t\000h\036\321\000n\000g\000\040\000c\000a\000m\000e\000r\000a}{section.2.1}% 16
\BOOKMARK [2][-]{subsection.2.1.3}{\376\377\000C\000\341\000c\000\040\000b\000\340\000i\000\040\000t\000o\000\341\000n\000\040\000c\000o\000n}{section.2.1}% 17
\BOOKMARK [1][-]{section.2.2}{\376\377\000H\036\315\000c\000\040\000s\000\342\000u}{chapter.2}% 18
\BOOKMARK [2][-]{subsection.2.2.1}{\376\377\000Y\000O\000L\000O\000\040\000t\000r\000o\000n\000g\000\040\000p\000h\000\341\000t\000\040\000h\000i\036\307\000n\000\040\000p\000h\001\260\001\241\000n\000g\000\040\000t\000i\036\307\000n}{section.2.2}% 19
\BOOKMARK [2][-]{subsection.2.2.2}{\376\377\000C\000N\000N\000\040\000c\000h\000o\000\040\000b\000\340\000i\000\040\000t\000o\000\341\000n\000\040\000p\000h\000\342\000n\000\040\000l\000o\036\241\000i}{section.2.2}% 20
\BOOKMARK [2][-]{subsection.2.2.3}{\376\377\000N\000h\036\255\000n\000\040\000d\000i\036\307\000n\000\040\000k\000\355\000\040\000t\036\361\000\040\000b\000i\036\303\000n\000\040\000s\036\321\000\040\000x\000e}{section.2.2}% 21
\BOOKMARK [2][-]{subsection.2.2.4}{\376\377\000N\000h\036\255\000n\000\040\000d\000i\036\307\000n\000\040\000t\036\321\000c\000\040\001\021\036\331\000\040\000x\000e}{section.2.2}% 22
\BOOKMARK [2][-]{subsection.2.2.5}{\376\377\000N\000h\036\255\000n\000\040\000d\000i\036\307\000n\000\040\000x\000e\000\040\000v\001\260\036\343\000t\000\040\001\021\000\350\000n\000\040\001\021\036\317}{section.2.2}% 23
\BOOKMARK [2][-]{subsection.2.2.6}{\376\377\001\257\036\333\000c\000\040\000l\001\260\036\343\000n\000g\000\040\000m\036\255\000t\000\040\001\021\036\331\000\040\000g\000i\000a\000o\000\040\000t\000h\000\364\000n\000g}{section.2.2}% 24
\BOOKMARK [1][-]{section.2.3}{\376\377\000C\000\364\000n\000g\000\040\000n\000g\000h\036\307\000\040\000d\036\357\000\040\000l\000i\036\307\000u\000\040\000l\036\333\000n}{chapter.2}% 25
\BOOKMARK [2][-]{subsection.2.3.1}{\376\377\000A\000p\000a\000c\000h\000e\000\040\000K\000a\000f\000k\000a}{section.2.3}% 26
\BOOKMARK [2][-]{subsection.2.3.2}{\376\377\000A\000p\000a\000c\000h\000e\000\040\000F\000l\000i\000n\000k}{section.2.3}% 27
\BOOKMARK [2][-]{subsection.2.3.3}{\376\377\000M\000o\000n\000g\000o\000D\000B}{section.2.3}% 28
\BOOKMARK [0][-]{chapter.3}{\376\377\000P\000h\001\260\001\241\000n\000g\000\040\000p\000h\000\341\000p\000\040\001\021\036\301\000\040\000x\000u\036\245\000t}{}% 29
\BOOKMARK [1][-]{section.3.1}{\376\377\000K\000i\036\277\000n\000\040\000t\000r\000\372\000c\000\040\000h\036\307\000\040\000t\000h\036\321\000n\000g}{chapter.3}% 30
\BOOKMARK [2][-]{subsection.3.1.1}{\376\377\000T\000h\000i\036\277\000t\000\040\000b\036\313\000\040\000b\000i\000\352\000n}{section.3.1}% 31
\BOOKMARK [2][-]{subsection.3.1.2}{\376\377\000T\000r\000\354\000n\000h\000\040\000g\000i\000\341\000m\000\040\000s\000\341\000t}{section.3.1}% 32
\BOOKMARK [2][-]{subsection.3.1.3}{\376\377\000T\000r\000u\000y\036\301\000n\000\040\000p\000h\000\341\000t}{section.3.1}% 33
\BOOKMARK [2][-]{subsection.3.1.4}{\376\377\000X\036\355\000\040\000l\000\375\000\040\000l\000u\036\323\000n\000g\000\040\000d\036\357\000\040\000l\000i\036\307\000u}{section.3.1}% 34
\BOOKMARK [2][-]{subsection.3.1.5}{\376\377\000C\001\241\000\040\000s\036\337\000\040\000d\036\357\000\040\000l\000i\036\307\000u}{section.3.1}% 35
\BOOKMARK [1][-]{section.3.2}{\376\377\000P\000h\000\342\000n\000\040\000p\000h\036\321\000i\000,\000\040\000x\036\355\000\040\000l\000\375\000\040\000v\000\340\000\040\000l\001\260\000u\000\040\000t\000r\036\357\000\040\000d\036\357\000\040\000l\000i\036\307\000u}{chapter.3}% 36
\BOOKMARK [2][-]{subsection.3.2.1}{\376\377\000K\000a\000f\000k\000a}{section.3.2}% 37
\BOOKMARK [2][-]{subsection.3.2.2}{\376\377\000L\000u\036\323\000n\000g\000\040\000x\036\355\000\040\000l\000\375\000\040\000d\036\357\000\040\000l\000i\036\307\000u\000\040\000c\000h\000\355\000n\000h}{section.3.2}% 38
\BOOKMARK [2][-]{subsection.3.2.3}{\376\377\000L\001\260\000u\000\040\000t\000r\036\357\000\040\000t\000r\000o\000n\000g\000\040\000c\001\241\000\040\000s\036\337\000\040\000d\036\357\000\040\000l\000i\036\307\000u}{section.3.2}% 39
\BOOKMARK [1][-]{section.3.3}{\376\377\000M\000\364\000\040\000h\000\354\000n\000h\000\040\000h\036\315\000c\000\040\000s\000\342\000u}{chapter.3}% 40
\BOOKMARK [0][-]{chapter.4}{\376\377\000T\000h\036\361\000c\000\040\000n\000g\000h\000i\036\307\000m}{}% 41
\BOOKMARK [1][-]{section.4.1}{\376\377\000T\000h\000i\036\277\000t\000\040\000k\036\277\000\040\000t\000h\036\361\000c\000\040\000n\000g\000h\000i\036\307\000m}{chapter.4}% 42
\BOOKMARK [1][-]{section.4.2}{\376\377\000C\000\341\000c\000\040\000b\001\260\036\333\000c\000\040\000t\000h\036\361\000c\000\040\000n\000g\000h\000i\036\307\000m}{chapter.4}% 43
\BOOKMARK [1][-]{section.4.3}{\376\377\001\020\000\341\000n\000h\000\040\000g\000i\000\341\000\040\000k\036\277\000t\000\040\000q\000u\036\243\000\040\000t\000h\036\361\000c\000\040\000n\000g\000h\000i\036\307\000m}{chapter.4}% 44
\BOOKMARK [0][-]{chapter.5}{\376\377\000K\036\277\000t\000\040\000l\000u\036\255\000n}{}% 45
\BOOKMARK [1][-]{section.5.1}{\376\377\000K\036\277\000t\000\040\000l\000u\036\255\000n\000\040\000c\000h\000u\000n\000g}{chapter.5}% 46
\BOOKMARK [1][-]{section.5.2}{\376\377\000H\001\260\036\333\000n\000g\000\040\000c\036\243\000i\000\040\000t\000h\000i\036\307\000n\000\040\000d\036\361\000\040\000\341\000n}{chapter.5}% 47
\BOOKMARK [1][-]{section.5.3}{\376\377\000H\001\260\036\333\000n\000g\000\040\000n\000g\000h\000i\000\352\000n\000\040\000c\036\351\000u\000\040\000t\000i\036\277\000p\000\040\000t\000h\000e\000o}{chapter.5}% 48
\BOOKMARK [0][-]{section*.19}{\376\377\000T\000\340\000i\000\040\000l\000i\036\307\000u\000\040\000t\000h\000a\000m\000\040\000k\000h\036\243\000o}{}% 49
